<?xml version="1.0" encoding="UTF-8"?>
<!-- Generated by org.testng.reporters.JUnitReportReporter -->
<testsuite hostname="LAPTOP-VGRMM4B4" failures="0" tests="16" name="com.WithPOM.AllTests" time="220.841" errors="0" timestamp="2023-05-02T10:12:35 IST" skipped="0">
  <testcase classname="com.WithPOM.AllTests" name="AutomobileTest" time="13.671"/>
  <system-out/>
  <testcase classname="com.WithPOM.AllTests" name="AutomobileTest" time="14.861"/>
  <system-out/>
  <testcase classname="com.WithPOM.AllTests" name="TruckTest" time="13.405"/>
  <system-out/>
  <testcase classname="com.WithPOM.AllTests" name="CamperTest" time="13.541"/>
  <system-out/>
  <testcase classname="com.WithPOM.AllTests" name="AutomobileTest" time="14.212"/>
  <system-out/>
  <testcase classname="com.WithPOM.AllTests" name="AutomobileTest" time="13.631"/>
  <system-out/>
  <testcase classname="com.WithPOM.AllTests" name="CamperTest" time="13.691"/>
  <system-out/>
  <testcase classname="com.WithPOM.AllTests" name="CamperTest" time="13.907"/>
  <system-out/>
  <testcase classname="com.WithPOM.AllTests" name="MotorcycleTest" time="13.240"/>
  <system-out/>
  <testcase classname="com.WithPOM.AllTests" name="TruckTest" time="14.090"/>
  <system-out/>
  <testcase classname="com.WithPOM.AllTests" name="MotorcycleTest" time="13.266"/>
  <system-out/>
  <testcase classname="com.WithPOM.AllTests" name="TruckTest" time="13.929"/>
  <system-out/>
  <testcase classname="com.WithPOM.AllTests" name="CamperTest" time="13.789"/>
  <system-out/>
  <testcase classname="com.WithPOM.AllTests" name="MotorcycleTest" time="13.553"/>
  <system-out/>
  <testcase classname="com.WithPOM.AllTests" name="MotorcycleTest" time="14.438"/>
  <system-out/>
  <testcase classname="com.WithPOM.AllTests" name="TruckTest" time="13.617"/>
  <system-out/>
</testsuite> <!-- com.WithPOM.AllTests -->
